>> anaconda-3-5.3.1 has been loaded.
>> python-3.8.2 has been loaded.
>> cuda-10.1_cudnn-7.6.5 has been loaded.
  Could not find a version that satisfies the requirement toml==0.9.6 (from -r requirements.txt (line 21)) (from versions: )
No matching distribution found for toml==0.9.6 (from -r requirements.txt (line 21))
You are using pip version 10.0.1, however version 21.1.3 is available.
You should consider upgrading via the 'pip install --upgrade pip' command.
srun: error: saliksik-cpu-21: task 1: Exited with exit code 1
  Failed building wheel for pycuda
Could not install packages due to an EnvironmentError: [Errno 13] Permission denied: '__init__.py'
Consider using the `--user` option or check the permissions.

You are using pip version 10.0.1, however version 21.1.3 is available.
You should consider upgrading via the 'pip install --upgrade pip' command.
srun: error: saliksik-cpu-21: task 4: Exited with exit code 1
Could not install packages due to an EnvironmentError: [Errno 13] Permission denied: '/opt/hpcc/CPU/anaconda/3-5.3.1/lib/python3.7/site-packages/typed_ast-1.4.0.dist-info'
Consider using the `--user` option or check the permissions.

You are using pip version 10.0.1, however version 21.1.3 is available.
You should consider upgrading via the 'pip install --upgrade pip' command.
srun: error: saliksik-cpu-21: task 0: Exited with exit code 1
Could not install packages due to an EnvironmentError: [Errno 13] Permission denied: '/opt/hpcc/CPU/anaconda/3-5.3.1/lib/python3.7/site-packages/typed_ast-1.4.0.dist-info'
Consider using the `--user` option or check the permissions.

You are using pip version 10.0.1, however version 21.1.3 is available.
You should consider upgrading via the 'pip install --upgrade pip' command.
srun: error: saliksik-cpu-21: task 5: Exited with exit code 1
Could not install packages due to an EnvironmentError: [Errno 13] Permission denied: '/opt/hpcc/CPU/anaconda/3-5.3.1/lib/python3.7/site-packages/typed_ast-1.4.0.dist-info'
Consider using the `--user` option or check the permissions.

Cannot uninstall 'wrapt'. It is a distutils installed project and thus we cannot accurately determine which files belong to it which would lead to only a partial uninstall.
Cannot uninstall 'wrapt'. It is a distutils installed project and thus we cannot accurately determine which files belong to it which would lead to only a partial uninstall.
Cannot uninstall 'wrapt'. It is a distutils installed project and thus we cannot accurately determine which files belong to it which would lead to only a partial uninstall.
You are using pip version 10.0.1, however version 21.1.3 is available.
You should consider upgrading via the 'pip install --upgrade pip' command.
You are using pip version 10.0.1, however version 21.1.3 is available.
You should consider upgrading via the 'pip install --upgrade pip' command.
You are using pip version 10.0.1, however version 21.1.3 is available.
You should consider upgrading via the 'pip install --upgrade pip' command.
You are using pip version 10.0.1, however version 21.1.3 is available.
You should consider upgrading via the 'pip install --upgrade pip' command.
srun: error: saliksik-cpu-21: tasks 2-3,6-7: Exited with exit code 1
Traceback (most recent call last):
  File "src/abstracts/gpu_selection.py", line 1, in <module>
    import pycuda.autoinit
ModuleNotFoundError: No module named 'pycuda'
Traceback (most recent call last):
  File "src/abstracts/gpu_selection.py", line 1, in <module>
    import pycuda.autoinit
ModuleNotFoundError: No module named 'pycuda'
Traceback (most recent call last):
  File "src/abstracts/gpu_selection.py", line 1, in <module>
    import pycuda.autoinit
ModuleNotFoundError: No module named 'pycuda'
Traceback (most recent call last):
  File "src/abstracts/gpu_selection.py", line 1, in <module>
    import pycuda.autoinit
ModuleNotFoundError: No module named 'pycuda'
Traceback (most recent call last):
  File "src/abstracts/gpu_selection.py", line 1, in <module>
    import pycuda.autoinit
ModuleNotFoundError: No module named 'pycuda'
Traceback (most recent call last):
  File "src/abstracts/gpu_selection.py", line 1, in <module>
    import pycuda.autoinit
ModuleNotFoundError: No module named 'pycuda'
Traceback (most recent call last):
  File "src/abstracts/gpu_selection.py", line 1, in <module>
    import pycuda.autoinit
ModuleNotFoundError: No module named 'pycuda'
Traceback (most recent call last):
  File "src/abstracts/gpu_selection.py", line 1, in <module>
    import pycuda.autoinit
ModuleNotFoundError: No module named 'pycuda'
srun: error: saliksik-cpu-21: tasks 0-7: Exited with exit code 1
