>> python-3.8.2 has been loaded.
Traceback (most recent call last):
  File "src/abstracts/gpu_selection.py", line 1, in <module>
    import pycuda.autoinit
ModuleNotFoundError: No module named 'pycuda'
Traceback (most recent call last):
  File "src/abstracts/gpu_selection.py", line 1, in <module>
    import pycuda.autoinit
ModuleNotFoundError: No module named 'pycuda'
Traceback (most recent call last):
  File "src/abstracts/gpu_selection.py", line 1, in <module>
    import pycuda.autoinit
ModuleNotFoundError: No module named 'pycuda'
Traceback (most recent call last):
  File "src/abstracts/gpu_selection.py", line 1, in <module>
    import pycuda.autoinit
ModuleNotFoundError: No module named 'pycuda'
Traceback (most recent call last):
  File "src/abstracts/gpu_selection.py", line 1, in <module>
    import pycuda.autoinit
ModuleNotFoundError: No module named 'pycuda'
Traceback (most recent call last):
  File "src/abstracts/gpu_selection.py", line 1, in <module>
    import pycuda.autoinit
ModuleNotFoundError: No module named 'pycuda'
Traceback (most recent call last):
  File "src/abstracts/gpu_selection.py", line 1, in <module>
    import pycuda.autoinit
ModuleNotFoundError: No module named 'pycuda'
Traceback (most recent call last):
  File "src/abstracts/gpu_selection.py", line 1, in <module>
    import pycuda.autoinit
ModuleNotFoundError: No module named 'pycuda'
srun: error: saliksik-cpu-21: tasks 0-7: Exited with exit code 1
